17:18:30.128 [main] INFO  org.springframework.web.context.ContextLoader - Root WebApplicationContext: initialization started
17:18:30.195 [main] INFO  org.springframework.web.context.support.XmlWebApplicationContext - Refreshing Root WebApplicationContext: startup date [Sun Jun 12 17:18:30 CST 2016]; root of context hierarchy
17:18:30.233 [main] INFO  org.springframework.beans.factory.xml.XmlBeanDefinitionReader - Loading XML bean definitions from ServletContext resource [/WEB-INF/applicationContext.xml]
17:18:31.710 [main] ERROR org.springframework.web.context.ContextLoader - Context initialization failed
org.springframework.beans.factory.parsing.BeanDefinitionParsingException: Configuration problem: Unable to locate Spring NamespaceHandler for XML schema namespace [http://cocoon.apache.org/schema/configurator]
Offending resource: ServletContext resource [/WEB-INF/applicationContext.xml]

	at org.springframework.beans.factory.parsing.FailFastProblemReporter.error(FailFastProblemReporter.java:70) ~[spring-beans-4.2.6.RELEASE.jar:4.2.6.RELEASE]
	at org.springframework.beans.factory.parsing.ReaderContext.error(ReaderContext.java:85) ~[spring-beans-4.2.6.RELEASE.jar:4.2.6.RELEASE]
	at org.springframework.beans.factory.parsing.ReaderContext.error(ReaderContext.java:80) ~[spring-beans-4.2.6.RELEASE.jar:4.2.6.RELEASE]
	at org.springframework.beans.factory.xml.BeanDefinitionParserDelegate.error(BeanDefinitionParserDelegate.java:301) ~[spring-beans-4.2.6.RELEASE.jar:4.2.6.RELEASE]
	at org.springframework.beans.factory.xml.BeanDefinitionParserDelegate.parseCustomElement(BeanDefinitionParserDelegate.java:1408) ~[spring-beans-4.2.6.RELEASE.jar:4.2.6.RELEASE]
	at org.springframework.beans.factory.xml.BeanDefinitionParserDelegate.parseCustomElement(BeanDefinitionParserDelegate.java:1401) ~[spring-beans-4.2.6.RELEASE.jar:4.2.6.RELEASE]
	at org.springframework.beans.factory.xml.DefaultBeanDefinitionDocumentReader.parseBeanDefinitions(DefaultBeanDefinitionDocumentReader.java:168) ~[spring-beans-4.2.6.RELEASE.jar:4.2.6.RELEASE]
	at org.springframework.beans.factory.xml.DefaultBeanDefinitionDocumentReader.doRegisterBeanDefinitions(DefaultBeanDefinitionDocumentReader.java:138) ~[spring-beans-4.2.6.RELEASE.jar:4.2.6.RELEASE]
	at org.springframework.beans.factory.xml.DefaultBeanDefinitionDocumentReader.registerBeanDefinitions(DefaultBeanDefinitionDocumentReader.java:94) ~[spring-beans-4.2.6.RELEASE.jar:4.2.6.RELEASE]
	at org.springframework.beans.factory.xml.XmlBeanDefinitionReader.registerBeanDefinitions(XmlBeanDefinitionReader.java:508) ~[spring-beans-4.2.6.RELEASE.jar:4.2.6.RELEASE]
	at org.springframework.beans.factory.xml.XmlBeanDefinitionReader.doLoadBeanDefinitions(XmlBeanDefinitionReader.java:392) ~[spring-beans-4.2.6.RELEASE.jar:4.2.6.RELEASE]
	at org.springframework.beans.factory.xml.XmlBeanDefinitionReader.loadBeanDefinitions(XmlBeanDefinitionReader.java:336) ~[spring-beans-4.2.6.RELEASE.jar:4.2.6.RELEASE]
	at org.springframework.beans.factory.xml.XmlBeanDefinitionReader.loadBeanDefinitions(XmlBeanDefinitionReader.java:304) ~[spring-beans-4.2.6.RELEASE.jar:4.2.6.RELEASE]
	at org.springframework.beans.factory.support.AbstractBeanDefinitionReader.loadBeanDefinitions(AbstractBeanDefinitionReader.java:181) ~[spring-beans-4.2.6.RELEASE.jar:4.2.6.RELEASE]
	at org.springframework.beans.factory.support.AbstractBeanDefinitionReader.loadBeanDefinitions(AbstractBeanDefinitionReader.java:217) ~[spring-beans-4.2.6.RELEASE.jar:4.2.6.RELEASE]
	at org.springframework.beans.factory.support.AbstractBeanDefinitionReader.loadBeanDefinitions(AbstractBeanDefinitionReader.java:188) ~[spring-beans-4.2.6.RELEASE.jar:4.2.6.RELEASE]
	at org.springframework.web.context.support.XmlWebApplicationContext.loadBeanDefinitions(XmlWebApplicationContext.java:125) ~[spring-web-4.2.6.RELEASE.jar:4.2.6.RELEASE]
	at org.springframework.web.context.support.XmlWebApplicationContext.loadBeanDefinitions(XmlWebApplicationContext.java:94) ~[spring-web-4.2.6.RELEASE.jar:4.2.6.RELEASE]
	at org.springframework.context.support.AbstractRefreshableApplicationContext.refreshBeanFactory(AbstractRefreshableApplicationContext.java:129) ~[spring-context-4.2.6.RELEASE.jar:4.2.6.RELEASE]
	at org.springframework.context.support.AbstractApplicationContext.obtainFreshBeanFactory(AbstractApplicationContext.java:609) ~[spring-context-4.2.6.RELEASE.jar:4.2.6.RELEASE]
	at org.springframework.context.support.AbstractApplicationContext.refresh(AbstractApplicationContext.java:510) ~[spring-context-4.2.6.RELEASE.jar:4.2.6.RELEASE]
	at org.springframework.web.context.ContextLoader.configureAndRefreshWebApplicationContext(ContextLoader.java:444) ~[spring-web-4.2.6.RELEASE.jar:4.2.6.RELEASE]
	at org.springframework.web.context.ContextLoader.initWebApplicationContext(ContextLoader.java:326) [spring-web-4.2.6.RELEASE.jar:4.2.6.RELEASE]
	at org.springframework.web.context.ContextLoaderListener.contextInitialized(ContextLoaderListener.java:107) [spring-web-4.2.6.RELEASE.jar:4.2.6.RELEASE]
	at org.eclipse.jetty.server.handler.ContextHandler.callContextInitialized(ContextHandler.java:837) [jetty-server-9.3.9.v20160517.jar:9.3.9.v20160517]
	at org.eclipse.jetty.servlet.ServletContextHandler.callContextInitialized(ServletContextHandler.java:533) [jetty-servlet-9.3.9.v20160517.jar:9.3.9.v20160517]
	at org.eclipse.jetty.server.handler.ContextHandler.startContext(ContextHandler.java:810) [jetty-server-9.3.9.v20160517.jar:9.3.9.v20160517]
	at org.eclipse.jetty.servlet.ServletContextHandler.startContext(ServletContextHandler.java:345) [jetty-servlet-9.3.9.v20160517.jar:9.3.9.v20160517]
	at org.eclipse.jetty.webapp.WebAppContext.startWebapp(WebAppContext.java:1404) [jetty-webapp-9.3.9.v20160517.jar:9.3.9.v20160517]
	at org.eclipse.jetty.maven.plugin.JettyWebAppContext.startWebapp(JettyWebAppContext.java:323) [jetty-maven-plugin-9.3.9.v20160517.jar:9.3.9.v20160517]
	at org.eclipse.jetty.webapp.WebAppContext.startContext(WebAppContext.java:1366) [jetty-webapp-9.3.9.v20160517.jar:9.3.9.v20160517]
	at org.eclipse.jetty.server.handler.ContextHandler.doStart(ContextHandler.java:772) [jetty-server-9.3.9.v20160517.jar:9.3.9.v20160517]
	at org.eclipse.jetty.servlet.ServletContextHandler.doStart(ServletContextHandler.java:262) [jetty-servlet-9.3.9.v20160517.jar:9.3.9.v20160517]
	at org.eclipse.jetty.webapp.WebAppContext.doStart(WebAppContext.java:520) [jetty-webapp-9.3.9.v20160517.jar:9.3.9.v20160517]
	at org.eclipse.jetty.maven.plugin.JettyWebAppContext.doStart(JettyWebAppContext.java:398) [jetty-maven-plugin-9.3.9.v20160517.jar:9.3.9.v20160517]
	at org.eclipse.jetty.util.component.AbstractLifeCycle.start(AbstractLifeCycle.java:68) [jetty-util-9.3.9.v20160517.jar:9.3.9.v20160517]
	at org.eclipse.jetty.util.component.ContainerLifeCycle.start(ContainerLifeCycle.java:132) [jetty-util-9.3.9.v20160517.jar:9.3.9.v20160517]
	at org.eclipse.jetty.util.component.ContainerLifeCycle.doStart(ContainerLifeCycle.java:114) [jetty-util-9.3.9.v20160517.jar:9.3.9.v20160517]
	at org.eclipse.jetty.server.handler.AbstractHandler.doStart(AbstractHandler.java:61) [jetty-server-9.3.9.v20160517.jar:9.3.9.v20160517]
	at org.eclipse.jetty.server.handler.ContextHandlerCollection.doStart(ContextHandlerCollection.java:161) [jetty-server-9.3.9.v20160517.jar:9.3.9.v20160517]
	at org.eclipse.jetty.util.component.AbstractLifeCycle.start(AbstractLifeCycle.java:68) [jetty-util-9.3.9.v20160517.jar:9.3.9.v20160517]
	at org.eclipse.jetty.util.component.ContainerLifeCycle.start(ContainerLifeCycle.java:132) [jetty-util-9.3.9.v20160517.jar:9.3.9.v20160517]
	at org.eclipse.jetty.util.component.ContainerLifeCycle.doStart(ContainerLifeCycle.java:114) [jetty-util-9.3.9.v20160517.jar:9.3.9.v20160517]
	at org.eclipse.jetty.server.handler.AbstractHandler.doStart(AbstractHandler.java:61) [jetty-server-9.3.9.v20160517.jar:9.3.9.v20160517]
	at org.eclipse.jetty.util.component.AbstractLifeCycle.start(AbstractLifeCycle.java:68) [jetty-util-9.3.9.v20160517.jar:9.3.9.v20160517]
	at org.eclipse.jetty.util.component.ContainerLifeCycle.start(ContainerLifeCycle.java:132) [jetty-util-9.3.9.v20160517.jar:9.3.9.v20160517]
	at org.eclipse.jetty.server.Server.start(Server.java:411) [jetty-server-9.3.9.v20160517.jar:9.3.9.v20160517]
	at org.eclipse.jetty.util.component.ContainerLifeCycle.doStart(ContainerLifeCycle.java:106) [jetty-util-9.3.9.v20160517.jar:9.3.9.v20160517]
	at org.eclipse.jetty.server.handler.AbstractHandler.doStart(AbstractHandler.java:61) [jetty-server-9.3.9.v20160517.jar:9.3.9.v20160517]
	at org.eclipse.jetty.server.Server.doStart(Server.java:378) [jetty-server-9.3.9.v20160517.jar:9.3.9.v20160517]
	at org.eclipse.jetty.util.component.AbstractLifeCycle.start(AbstractLifeCycle.java:68) [jetty-util-9.3.9.v20160517.jar:9.3.9.v20160517]
	at org.eclipse.jetty.maven.plugin.AbstractJettyMojo.startJetty(AbstractJettyMojo.java:460) [jetty-maven-plugin-9.3.9.v20160517.jar:9.3.9.v20160517]
	at org.eclipse.jetty.maven.plugin.AbstractJettyMojo.execute(AbstractJettyMojo.java:328) [jetty-maven-plugin-9.3.9.v20160517.jar:9.3.9.v20160517]
	at org.eclipse.jetty.maven.plugin.JettyRunMojo.execute(JettyRunMojo.java:170) [jetty-maven-plugin-9.3.9.v20160517.jar:9.3.9.v20160517]
	at org.apache.maven.plugin.DefaultBuildPluginManager.executeMojo(DefaultBuildPluginManager.java:101) [maven-core-3.0.5.jar:3.0.5]
	at org.apache.maven.lifecycle.internal.MojoExecutor.execute(MojoExecutor.java:209) [maven-core-3.0.5.jar:3.0.5]
	at org.apache.maven.lifecycle.internal.MojoExecutor.execute(MojoExecutor.java:153) [maven-core-3.0.5.jar:3.0.5]
	at org.apache.maven.lifecycle.internal.MojoExecutor.execute(MojoExecutor.java:145) [maven-core-3.0.5.jar:3.0.5]
	at org.apache.maven.lifecycle.internal.LifecycleModuleBuilder.buildProject(LifecycleModuleBuilder.java:84) [maven-core-3.0.5.jar:3.0.5]
	at org.apache.maven.lifecycle.internal.LifecycleModuleBuilder.buildProject(LifecycleModuleBuilder.java:59) [maven-core-3.0.5.jar:3.0.5]
	at org.apache.maven.lifecycle.internal.LifecycleStarter.singleThreadedBuild(LifecycleStarter.java:183) [maven-core-3.0.5.jar:3.0.5]
	at org.apache.maven.lifecycle.internal.LifecycleStarter.execute(LifecycleStarter.java:161) [maven-core-3.0.5.jar:3.0.5]
	at org.apache.maven.DefaultMaven.doExecute(DefaultMaven.java:320) [maven-core-3.0.5.jar:3.0.5]
	at org.apache.maven.DefaultMaven.execute(DefaultMaven.java:156) [maven-core-3.0.5.jar:3.0.5]
	at org.apache.maven.cli.MavenCli.execute(MavenCli.java:537) [maven-embedder-3.0.5.jar:3.0.5]
	at org.apache.maven.cli.MavenCli.doMain(MavenCli.java:196) [maven-embedder-3.0.5.jar:3.0.5]
	at org.apache.maven.cli.MavenCli.main(MavenCli.java:141) [maven-embedder-3.0.5.jar:3.0.5]
	at sun.reflect.NativeMethodAccessorImpl.invoke0(Native Method) ~[?:1.8.0_92]
	at sun.reflect.NativeMethodAccessorImpl.invoke(NativeMethodAccessorImpl.java:62) ~[?:1.8.0_92]
	at sun.reflect.DelegatingMethodAccessorImpl.invoke(DelegatingMethodAccessorImpl.java:43) ~[?:1.8.0_92]
	at java.lang.reflect.Method.invoke(Method.java:498) ~[?:1.8.0_92]
	at org.codehaus.plexus.classworlds.launcher.Launcher.launchEnhanced(Launcher.java:290) [plexus-classworlds-2.4.jar:?]
	at org.codehaus.plexus.classworlds.launcher.Launcher.launch(Launcher.java:230) [plexus-classworlds-2.4.jar:?]
	at org.codehaus.plexus.classworlds.launcher.Launcher.mainWithExitCode(Launcher.java:409) [plexus-classworlds-2.4.jar:?]
	at org.codehaus.plexus.classworlds.launcher.Launcher.main(Launcher.java:352) [plexus-classworlds-2.4.jar:?]
	at org.codehaus.classworlds.Launcher.main(Launcher.java:47) [plexus-classworlds-2.4.jar:?]
17:19:11.080 [PathWatcher-Thread[E:\workspace\gcloud-goods\gcloud-goods-web (+8)]] INFO  org.springframework.web.context.support.XmlWebApplicationContext - Closing Root WebApplicationContext: startup date [Sun Jun 12 17:18:30 CST 2016]; root of context hierarchy
17:19:11.086 [PathWatcher-Thread[E:\workspace\gcloud-goods\gcloud-goods-web (+8)]] WARN  org.springframework.web.context.support.XmlWebApplicationContext - Exception thrown from LifecycleProcessor on context close
java.lang.IllegalStateException: LifecycleProcessor not initialized - call 'refresh' before invoking lifecycle methods via the context: Root WebApplicationContext: startup date [Sun Jun 12 17:18:30 CST 2016]; root of context hierarchy
	at org.springframework.context.support.AbstractApplicationContext.getLifecycleProcessor(AbstractApplicationContext.java:415) ~[spring-context-4.2.6.RELEASE.jar:4.2.6.RELEASE]
	at org.springframework.context.support.AbstractApplicationContext.doClose(AbstractApplicationContext.java:975) [spring-context-4.2.6.RELEASE.jar:4.2.6.RELEASE]
	at org.springframework.context.support.AbstractApplicationContext.close(AbstractApplicationContext.java:934) [spring-context-4.2.6.RELEASE.jar:4.2.6.RELEASE]
	at org.springframework.web.context.ContextLoader.closeWebApplicationContext(ContextLoader.java:581) [spring-web-4.2.6.RELEASE.jar:4.2.6.RELEASE]
	at org.springframework.web.context.ContextLoaderListener.contextDestroyed(ContextLoaderListener.java:116) [spring-web-4.2.6.RELEASE.jar:4.2.6.RELEASE]
	at org.eclipse.jetty.server.handler.ContextHandler.callContextDestroyed(ContextHandler.java:845) [jetty-server-9.3.9.v20160517.jar:9.3.9.v20160517]
	at org.eclipse.jetty.servlet.ServletContextHandler.callContextDestroyed(ServletContextHandler.java:546) [jetty-servlet-9.3.9.v20160517.jar:9.3.9.v20160517]
	at org.eclipse.jetty.server.handler.ContextHandler.stopContext(ContextHandler.java:826) [jetty-server-9.3.9.v20160517.jar:9.3.9.v20160517]
	at org.eclipse.jetty.servlet.ServletContextHandler.stopContext(ServletContextHandler.java:356) [jetty-servlet-9.3.9.v20160517.jar:9.3.9.v20160517]
	at org.eclipse.jetty.webapp.WebAppContext.stopWebapp(WebAppContext.java:1410) [jetty-webapp-9.3.9.v20160517.jar:9.3.9.v20160517]
	at org.eclipse.jetty.maven.plugin.JettyWebAppContext.stopWebapp(JettyWebAppContext.java:335) [jetty-maven-plugin-9.3.9.v20160517.jar:9.3.9.v20160517]
	at org.eclipse.jetty.webapp.WebAppContext.stopContext(WebAppContext.java:1374) [jetty-webapp-9.3.9.v20160517.jar:9.3.9.v20160517]
	at org.eclipse.jetty.server.handler.ContextHandler.doStop(ContextHandler.java:874) [jetty-server-9.3.9.v20160517.jar:9.3.9.v20160517]
	at org.eclipse.jetty.servlet.ServletContextHandler.doStop(ServletContextHandler.java:272) [jetty-servlet-9.3.9.v20160517.jar:9.3.9.v20160517]
	at org.eclipse.jetty.webapp.WebAppContext.doStop(WebAppContext.java:544) [jetty-webapp-9.3.9.v20160517.jar:9.3.9.v20160517]
	at org.eclipse.jetty.maven.plugin.JettyWebAppContext.doStop(JettyWebAppContext.java:440) [jetty-maven-plugin-9.3.9.v20160517.jar:9.3.9.v20160517]
	at org.eclipse.jetty.util.component.AbstractLifeCycle.stop(AbstractLifeCycle.java:89) [jetty-util-9.3.9.v20160517.jar:9.3.9.v20160517]
	at org.eclipse.jetty.maven.plugin.JettyRunMojo.restartWebApp(JettyRunMojo.java:530) [jetty-maven-plugin-9.3.9.v20160517.jar:9.3.9.v20160517]
	at org.eclipse.jetty.maven.plugin.JettyRunMojo$1.onPathWatchEvents(JettyRunMojo.java:401) [jetty-maven-plugin-9.3.9.v20160517.jar:9.3.9.v20160517]
	at org.eclipse.jetty.util.PathWatcher.notifyOnPathWatchEvents(PathWatcher.java:1158) [jetty-util-9.3.9.v20160517.jar:9.3.9.v20160517]
	at org.eclipse.jetty.util.PathWatcher.run(PathWatcher.java:1362) [jetty-util-9.3.9.v20160517.jar:9.3.9.v20160517]
	at java.lang.Thread.run(Thread.java:745) [?:1.8.0_92]
17:26:33.287 [main] INFO  org.springframework.web.context.ContextLoader - Root WebApplicationContext: initialization started
17:26:33.343 [main] INFO  org.springframework.web.context.support.XmlWebApplicationContext - Refreshing Root WebApplicationContext: startup date [Sun Jun 12 17:26:33 CST 2016]; root of context hierarchy
17:26:33.387 [main] INFO  org.springframework.beans.factory.xml.XmlBeanDefinitionReader - Loading XML bean definitions from file [E:\workspace\gcloud-goods\gcloud-goods-web\target\classes\spring\spring-mvc.xml]
17:26:33.557 [main] INFO  org.springframework.beans.factory.xml.XmlBeanDefinitionReader - Loading XML bean definitions from URL [jar:file:/E:/keegoo/keegoo-repo/com/gcloud/gcloud-goods-dao/1.0-SNAPSHOT/gcloud-goods-dao-1.0-SNAPSHOT.jar!/spring/spring-jdbc.xml]
17:26:33.837 [main] WARN  org.mybatis.spring.mapper.ClassPathMapperScanner - No MyBatis mapper was found in '[com.gcloud.dao]' package. Please check your configuration.
17:26:33.848 [main] INFO  org.springframework.context.support.PropertySourcesPlaceholderConfigurer - Loading properties file from class path resource [config/dev/jdbc.properties]
17:26:33.852 [main] INFO  org.springframework.beans.factory.annotation.AutowiredAnnotationBeanPostProcessor - JSR-330 'javax.inject.Inject' annotation found and supported for autowiring
17:26:34.233 [main] INFO  org.springframework.web.servlet.mvc.method.annotation.RequestMappingHandlerMapping - Mapped "{[/data/area/list],methods=[GET]}" onto public java.lang.Object com.gcloud.goods.web.controller.AreaController.login(javax.servlet.http.HttpServletRequest,javax.servlet.http.HttpServletResponse)
17:26:34.601 [main] INFO  org.springframework.web.servlet.mvc.method.annotation.RequestMappingHandlerAdapter - Looking for @ControllerAdvice: Root WebApplicationContext: startup date [Sun Jun 12 17:26:33 CST 2016]; root of context hierarchy
17:26:34.637 [main] INFO  org.springframework.web.servlet.mvc.method.annotation.RequestMappingHandlerAdapter - Looking for @ControllerAdvice: Root WebApplicationContext: startup date [Sun Jun 12 17:26:33 CST 2016]; root of context hierarchy
17:26:34.724 [main] INFO  org.springframework.web.servlet.handler.SimpleUrlHandlerMapping - Mapped URL path [/images/**] onto handler 'org.springframework.web.servlet.resource.ResourceHttpRequestHandler#0'
17:26:34.735 [main] INFO  org.springframework.web.servlet.handler.SimpleUrlHandlerMapping - Mapped URL path [/resources/**] onto handler 'org.springframework.web.servlet.resource.ResourceHttpRequestHandler#1'
17:26:34.738 [main] INFO  org.springframework.web.servlet.handler.SimpleUrlHandlerMapping - Mapped URL path [/samples/**] onto handler 'org.springframework.web.servlet.resource.ResourceHttpRequestHandler#2'
17:26:34.741 [main] INFO  org.springframework.web.servlet.handler.SimpleUrlHandlerMapping - Mapped URL path [/static/**] onto handler 'org.springframework.web.servlet.resource.ResourceHttpRequestHandler#3'
17:26:34.745 [main] INFO  org.springframework.web.servlet.handler.SimpleUrlHandlerMapping - Mapped URL path [/template/**] onto handler 'org.springframework.web.servlet.resource.ResourceHttpRequestHandler#4'
17:26:34.748 [main] INFO  org.springframework.web.servlet.handler.SimpleUrlHandlerMapping - Mapped URL path [/install_lodop32.exe] onto handler 'org.springframework.web.servlet.resource.ResourceHttpRequestHandler#5'
17:26:34.751 [main] INFO  org.springframework.web.servlet.handler.SimpleUrlHandlerMapping - Mapped URL path [/install_lodop64.exe] onto handler 'org.springframework.web.servlet.resource.ResourceHttpRequestHandler#6'
17:26:35.045 [main] INFO  com.alibaba.druid.pool.DruidDataSource - {dataSource-1} inited
17:26:35.217 [main] INFO  com.alibaba.druid.pool.DruidDataSource - {dataSource-2} inited
17:26:35.283 [main] INFO  org.springframework.web.context.ContextLoader - Root WebApplicationContext: initialization completed in 1995 ms
17:26:35.350 [main] INFO  org.springframework.web.servlet.DispatcherServlet - FrameworkServlet 'dispatcher': initialization started
17:26:35.352 [main] INFO  org.springframework.web.context.support.XmlWebApplicationContext - Refreshing WebApplicationContext for namespace 'dispatcher-servlet': startup date [Sun Jun 12 17:26:35 CST 2016]; parent: Root WebApplicationContext
17:26:35.353 [main] INFO  org.springframework.beans.factory.xml.XmlBeanDefinitionReader - Loading XML bean definitions from URL [file:/E:/workspace/gcloud-goods/gcloud-goods-web/target/classes/spring/spring-mvc.xml]
17:26:35.409 [main] INFO  org.springframework.beans.factory.annotation.AutowiredAnnotationBeanPostProcessor - JSR-330 'javax.inject.Inject' annotation found and supported for autowiring
17:26:35.436 [main] INFO  org.springframework.web.servlet.mvc.method.annotation.RequestMappingHandlerAdapter - Looking for @ControllerAdvice: WebApplicationContext for namespace 'dispatcher-servlet': startup date [Sun Jun 12 17:26:35 CST 2016]; parent: Root WebApplicationContext
17:26:35.452 [main] INFO  org.springframework.web.servlet.mvc.method.annotation.RequestMappingHandlerAdapter - Looking for @ControllerAdvice: WebApplicationContext for namespace 'dispatcher-servlet': startup date [Sun Jun 12 17:26:35 CST 2016]; parent: Root WebApplicationContext
17:26:35.478 [main] INFO  org.springframework.web.servlet.handler.SimpleUrlHandlerMapping - Mapped URL path [/images/**] onto handler 'org.springframework.web.servlet.resource.ResourceHttpRequestHandler#0'
17:26:35.481 [main] INFO  org.springframework.web.servlet.handler.SimpleUrlHandlerMapping - Mapped URL path [/resources/**] onto handler 'org.springframework.web.servlet.resource.ResourceHttpRequestHandler#1'
17:26:35.483 [main] INFO  org.springframework.web.servlet.handler.SimpleUrlHandlerMapping - Mapped URL path [/samples/**] onto handler 'org.springframework.web.servlet.resource.ResourceHttpRequestHandler#2'
17:26:35.485 [main] INFO  org.springframework.web.servlet.handler.SimpleUrlHandlerMapping - Mapped URL path [/static/**] onto handler 'org.springframework.web.servlet.resource.ResourceHttpRequestHandler#3'
17:26:35.494 [main] INFO  org.springframework.web.servlet.handler.SimpleUrlHandlerMapping - Mapped URL path [/template/**] onto handler 'org.springframework.web.servlet.resource.ResourceHttpRequestHandler#4'
17:26:35.504 [main] INFO  org.springframework.web.servlet.handler.SimpleUrlHandlerMapping - Mapped URL path [/install_lodop32.exe] onto handler 'org.springframework.web.servlet.resource.ResourceHttpRequestHandler#5'
17:26:35.506 [main] INFO  org.springframework.web.servlet.handler.SimpleUrlHandlerMapping - Mapped URL path [/install_lodop64.exe] onto handler 'org.springframework.web.servlet.resource.ResourceHttpRequestHandler#6'
17:26:35.543 [main] INFO  org.springframework.web.servlet.DispatcherServlet - FrameworkServlet 'dispatcher': initialization completed in 193 ms
17:27:04.260 [qtp453007883-20] WARN  org.springframework.web.servlet.PageNotFound - No mapping found for HTTP request with URI [/data/area/list] in DispatcherServlet with name 'dispatcher'
17:27:04.318 [qtp453007883-18] WARN  org.springframework.web.servlet.PageNotFound - No mapping found for HTTP request with URI [/favicon.ico] in DispatcherServlet with name 'dispatcher'
17:29:45.943 [main] INFO  org.springframework.web.context.ContextLoader - Root WebApplicationContext: initialization started
17:29:46.033 [main] INFO  org.springframework.web.context.support.XmlWebApplicationContext - Refreshing Root WebApplicationContext: startup date [Sun Jun 12 17:29:46 CST 2016]; root of context hierarchy
17:29:46.078 [main] INFO  org.springframework.beans.factory.xml.XmlBeanDefinitionReader - Loading XML bean definitions from file [E:\workspace\gcloud-goods\gcloud-goods-web\target\classes\spring\spring-mvc.xml]
17:29:46.332 [main] INFO  org.springframework.beans.factory.xml.XmlBeanDefinitionReader - Loading XML bean definitions from URL [jar:file:/E:/keegoo/keegoo-repo/com/gcloud/gcloud-goods-dao/1.0-SNAPSHOT/gcloud-goods-dao-1.0-SNAPSHOT.jar!/spring/spring-jdbc.xml]
17:29:46.555 [main] WARN  org.mybatis.spring.mapper.ClassPathMapperScanner - No MyBatis mapper was found in '[com.gcloud.dao]' package. Please check your configuration.
17:29:46.566 [main] INFO  org.springframework.context.support.PropertySourcesPlaceholderConfigurer - Loading properties file from class path resource [config/dev/jdbc.properties]
17:29:46.576 [main] INFO  org.springframework.beans.factory.annotation.AutowiredAnnotationBeanPostProcessor - JSR-330 'javax.inject.Inject' annotation found and supported for autowiring
17:29:46.931 [main] INFO  org.springframework.web.servlet.mvc.method.annotation.RequestMappingHandlerMapping - Mapped "{[/data/area/list],methods=[GET]}" onto public java.lang.Object com.gcloud.goods.web.controller.AreaController.login(javax.servlet.http.HttpServletRequest,javax.servlet.http.HttpServletResponse)
17:29:47.348 [main] INFO  org.springframework.web.servlet.mvc.method.annotation.RequestMappingHandlerAdapter - Looking for @ControllerAdvice: Root WebApplicationContext: startup date [Sun Jun 12 17:29:46 CST 2016]; root of context hierarchy
17:29:47.405 [main] INFO  org.springframework.web.servlet.mvc.method.annotation.RequestMappingHandlerAdapter - Looking for @ControllerAdvice: Root WebApplicationContext: startup date [Sun Jun 12 17:29:46 CST 2016]; root of context hierarchy
17:29:47.543 [main] INFO  org.springframework.web.servlet.handler.SimpleUrlHandlerMapping - Mapped URL path [/images/**] onto handler 'org.springframework.web.servlet.resource.ResourceHttpRequestHandler#0'
17:29:47.546 [main] INFO  org.springframework.web.servlet.handler.SimpleUrlHandlerMapping - Mapped URL path [/resources/**] onto handler 'org.springframework.web.servlet.resource.ResourceHttpRequestHandler#1'
17:29:47.549 [main] INFO  org.springframework.web.servlet.handler.SimpleUrlHandlerMapping - Mapped URL path [/samples/**] onto handler 'org.springframework.web.servlet.resource.ResourceHttpRequestHandler#2'
17:29:47.551 [main] INFO  org.springframework.web.servlet.handler.SimpleUrlHandlerMapping - Mapped URL path [/static/**] onto handler 'org.springframework.web.servlet.resource.ResourceHttpRequestHandler#3'
17:29:47.553 [main] INFO  org.springframework.web.servlet.handler.SimpleUrlHandlerMapping - Mapped URL path [/template/**] onto handler 'org.springframework.web.servlet.resource.ResourceHttpRequestHandler#4'
17:29:47.555 [main] INFO  org.springframework.web.servlet.handler.SimpleUrlHandlerMapping - Mapped URL path [/install_lodop32.exe] onto handler 'org.springframework.web.servlet.resource.ResourceHttpRequestHandler#5'
17:29:47.557 [main] INFO  org.springframework.web.servlet.handler.SimpleUrlHandlerMapping - Mapped URL path [/install_lodop64.exe] onto handler 'org.springframework.web.servlet.resource.ResourceHttpRequestHandler#6'
17:29:47.916 [main] INFO  com.alibaba.druid.pool.DruidDataSource - {dataSource-1} inited
17:29:48.094 [main] INFO  com.alibaba.druid.pool.DruidDataSource - {dataSource-2} inited
17:29:48.214 [main] INFO  org.springframework.web.context.ContextLoader - Root WebApplicationContext: initialization completed in 2270 ms
17:29:48.281 [main] INFO  org.springframework.web.servlet.DispatcherServlet - FrameworkServlet 'dispatcher': initialization started
17:29:48.284 [main] INFO  org.springframework.web.context.support.XmlWebApplicationContext - Refreshing WebApplicationContext for namespace 'dispatcher-servlet': startup date [Sun Jun 12 17:29:48 CST 2016]; parent: Root WebApplicationContext
17:29:48.285 [main] INFO  org.springframework.beans.factory.xml.XmlBeanDefinitionReader - Loading XML bean definitions from URL [file:/E:/workspace/gcloud-goods/gcloud-goods-web/target/classes/spring/spring-mvc.xml]
17:29:48.318 [main] INFO  org.springframework.beans.factory.annotation.AutowiredAnnotationBeanPostProcessor - JSR-330 'javax.inject.Inject' annotation found and supported for autowiring
17:29:48.342 [main] INFO  org.springframework.web.servlet.mvc.method.annotation.RequestMappingHandlerAdapter - Looking for @ControllerAdvice: WebApplicationContext for namespace 'dispatcher-servlet': startup date [Sun Jun 12 17:29:48 CST 2016]; parent: Root WebApplicationContext
17:29:48.349 [main] INFO  org.springframework.web.servlet.mvc.method.annotation.RequestMappingHandlerAdapter - Looking for @ControllerAdvice: WebApplicationContext for namespace 'dispatcher-servlet': startup date [Sun Jun 12 17:29:48 CST 2016]; parent: Root WebApplicationContext
17:29:48.374 [main] INFO  org.springframework.web.servlet.handler.SimpleUrlHandlerMapping - Mapped URL path [/images/**] onto handler 'org.springframework.web.servlet.resource.ResourceHttpRequestHandler#0'
17:29:48.376 [main] INFO  org.springframework.web.servlet.handler.SimpleUrlHandlerMapping - Mapped URL path [/resources/**] onto handler 'org.springframework.web.servlet.resource.ResourceHttpRequestHandler#1'
17:29:48.377 [main] INFO  org.springframework.web.servlet.handler.SimpleUrlHandlerMapping - Mapped URL path [/samples/**] onto handler 'org.springframework.web.servlet.resource.ResourceHttpRequestHandler#2'
17:29:48.378 [main] INFO  org.springframework.web.servlet.handler.SimpleUrlHandlerMapping - Mapped URL path [/static/**] onto handler 'org.springframework.web.servlet.resource.ResourceHttpRequestHandler#3'
17:29:48.381 [main] INFO  org.springframework.web.servlet.handler.SimpleUrlHandlerMapping - Mapped URL path [/template/**] onto handler 'org.springframework.web.servlet.resource.ResourceHttpRequestHandler#4'
17:29:48.382 [main] INFO  org.springframework.web.servlet.handler.SimpleUrlHandlerMapping - Mapped URL path [/install_lodop32.exe] onto handler 'org.springframework.web.servlet.resource.ResourceHttpRequestHandler#5'
17:29:48.385 [main] INFO  org.springframework.web.servlet.handler.SimpleUrlHandlerMapping - Mapped URL path [/install_lodop64.exe] onto handler 'org.springframework.web.servlet.resource.ResourceHttpRequestHandler#6'
17:29:48.439 [main] INFO  org.springframework.web.servlet.DispatcherServlet - FrameworkServlet 'dispatcher': initialization completed in 158 ms
17:29:53.744 [qtp2022417982-16] WARN  org.springframework.web.servlet.PageNotFound - No mapping found for HTTP request with URI [/data/area/list] in DispatcherServlet with name 'dispatcher'
17:29:57.160 [qtp2022417982-15] WARN  org.springframework.web.servlet.PageNotFound - No mapping found for HTTP request with URI [/] in DispatcherServlet with name 'dispatcher'
17:30:00.403 [qtp2022417982-17] WARN  org.springframework.web.servlet.PageNotFound - No mapping found for HTTP request with URI [/demo/index.html] in DispatcherServlet with name 'dispatcher'
17:31:05.217 [qtp2022417982-22] WARN  org.springframework.web.servlet.PageNotFound - No mapping found for HTTP request with URI [/data/area/list] in DispatcherServlet with name 'dispatcher'
